<?xml version="1.0" encoding="UTF-8"?>
<!-- Generated by org.testng.reporters.JUnitXMLReporter -->
<testsuite ignored="1" hostname="DESKTOP-3HBPL3T" failures="2" tests="2" name="submit order Test" time="78.422" errors="0" timestamp="2024-07-31T21:36:00 EEST">
  <testcase classname="Amazon.AmazonFrameworkDesign.Tests.SubmitOrderTest" name="submitOrderTest" time="22.103">
    <failure type="java.lang.Error" message="Unresolved compilation problem: 
	The method numberOfProducts() is undefined for the type ShoppingCart
">
      <![CDATA[java.lang.Error: Unresolved compilation problem: 
The method numberOfProducts() is undefined for the type ShoppingCart

at AmazonFrameWorkDesign.pageObjects.CheckOut.validateNumberOfProduct(CheckOut.java:92)
at Amazon.AmazonFrameworkDesign.Tests.SubmitOrderTest.submitOrderTest(SubmitOrderTest.java:39)
at java.base/java.util.ArrayList.forEach(ArrayList.java:1511)
... Removed 27 stack frames]]>
    </failure>
  </testcase> <!-- submitOrderTest -->
  <testcase classname="Amazon.AmazonFrameworkDesign.Tests.SubmitOrderTest" name="submitOrderTest" time="24.925">
    <failure type="java.lang.Error" message="Unresolved compilation problem: 
	The method numberOfProducts() is undefined for the type ShoppingCart
">
      <![CDATA[java.lang.Error: Unresolved compilation problem: 
The method numberOfProducts() is undefined for the type ShoppingCart

at AmazonFrameWorkDesign.pageObjects.CheckOut.validateNumberOfProduct(CheckOut.java:92)
at Amazon.AmazonFrameworkDesign.Tests.SubmitOrderTest.submitOrderTest(SubmitOrderTest.java:39)
at java.base/java.util.ArrayList.forEach(ArrayList.java:1511)
... Removed 27 stack frames]]>
    </failure>
  </testcase> <!-- submitOrderTest -->
  <testcase classname="Amazon.AmazonFrameworkDesign.Tests.SubmitOrderTest" name="OrderHistoryTest" time="0.0">
    <ignored/>
  </testcase> <!-- OrderHistoryTest -->
</testsuite> <!-- submit order Test -->
