<?xml version="1.0" encoding="UTF-8"?>
<!-- Generated by org.testng.reporters.JUnitXMLReporter -->
<testsuite ignored="2" hostname="DESKTOP-3HBPL3T" failures="0" tests="0" time="0.009" errors="0" timestamp="2024-07-24T21:47:12 EEST">
  <testcase classname="Amazon.AmazonFrameworkDesign.Tests.SubmitOrderTest" name="OrderHistoryTest" time="0.0">
    <ignored/>
  </testcase> <!-- OrderHistoryTest -->
  <testcase classname="Amazon.AmazonFrameworkDesign.Tests.SubmitOrderTest" name="SubmitOrderTest" time="0.0">
    <ignored/>
  </testcase> <!-- SubmitOrderTest -->
</testsuite>
