<?xml version="1.0" encoding="UTF-8"?>
<!-- Generated by org.testng.reporters.JUnitXMLReporter -->
<testsuite ignored="0" hostname="DESKTOP-3HBPL3T" failures="0" tests="2" name="Error Validations Test" time="3.45" errors="0" timestamp="2024-07-31T14:43:33 EEST">
  <testcase classname="Amazon.AmazonFrameworkDesign.Tests.ErrorValidationTest" name="loginErrorValidation" time="0.0">
    <skipped/>
  </testcase> <!-- loginErrorValidation -->
  <testcase classname="Amazon.AmazonFrameworkDesign.Tests.ErrorValidationTest" name="productErrorValidation" time="0.0">
    <skipped/>
  </testcase> <!-- productErrorValidation -->
</testsuite> <!-- Error Validations Test -->
