<?xml version="1.0" encoding="UTF-8"?>
<testng-results ignored="3" total="5" passed="0" failed="2" skipped="0">
  <reporter-output>
  </reporter-output>
  <suite started-at="2024-07-31T21:34:41 EEST" name="Suite" finished-at="2024-07-31T21:36:00 EEST" duration-ms="78455">
    <groups>
      <group name="Purchase">
        <method signature="SubmitOrderTest.submitOrderTest(java.util.HashMap)[pri:0, instance:Amazon.AmazonFrameworkDesign.Tests.SubmitOrderTest@957e06]" name="submitOrderTest" class="Amazon.AmazonFrameworkDesign.Tests.SubmitOrderTest"/>
      </group> <!-- Purchase -->
    </groups>
    <test started-at="2024-07-31T21:34:41 EEST" name="submit order Test" finished-at="2024-07-31T21:36:00 EEST" duration-ms="78422">
      <class name="Amazon.AmazonFrameworkDesign.Tests.SubmitOrderTest">
        <test-method is-config="true" signature="launchApplication()[pri:0, instance:Amazon.AmazonFrameworkDesign.Tests.SubmitOrderTest@957e06]" started-at="2024-07-31T21:34:41 EEST" name="launchApplication" finished-at="2024-07-31T21:34:58 EEST" duration-ms="16402" status="PASS">
          <reporter-output>
          </reporter-output>
        </test-method> <!-- launchApplication -->
        <test-method signature="submitOrderTest(java.util.HashMap)[pri:0, instance:Amazon.AmazonFrameworkDesign.Tests.SubmitOrderTest@957e06]" started-at="2024-07-31T21:34:58 EEST" name="submitOrderTest" data-provider="getData" finished-at="2024-07-31T21:35:20 EEST" duration-ms="22103" status="FAIL">
          <params>
            <param index="0">
              <value>
                <![CDATA[{subProductName=Galaxy Buds, password=Berlin@1234567, ProductName=SAMSUNG, email=mahmoudeid1840@gmail.com}]]>
              </value>
            </param>
          </params>
          <exception class="java.lang.Error">
            <message>
              <![CDATA[Unresolved compilation problem: 
The method numberOfProducts() is undefined for the type ShoppingCart
]]>
            </message>
            <full-stacktrace>
              <![CDATA[java.lang.Error: Unresolved compilation problem: 
The method numberOfProducts() is undefined for the type ShoppingCart

at AmazonFrameWorkDesign.pageObjects.CheckOut.validateNumberOfProduct(CheckOut.java:92)
at Amazon.AmazonFrameworkDesign.Tests.SubmitOrderTest.submitOrderTest(SubmitOrderTest.java:39)
at java.base/jdk.internal.reflect.NativeMethodAccessorImpl.invoke0(Native Method)
at java.base/jdk.internal.reflect.NativeMethodAccessorImpl.invoke(NativeMethodAccessorImpl.java:77)
at java.base/jdk.internal.reflect.DelegatingMethodAccessorImpl.invoke(DelegatingMethodAccessorImpl.java:43)
at java.base/java.lang.reflect.Method.invoke(Method.java:568)
at org.testng.internal.MethodInvocationHelper.invokeMethod(MethodInvocationHelper.java:133)
at org.testng.internal.TestInvoker.invokeMethod(TestInvoker.java:598)
at org.testng.internal.TestInvoker.invokeTestMethod(TestInvoker.java:173)
at org.testng.internal.MethodRunner.runInSequence(MethodRunner.java:46)
at org.testng.internal.TestInvoker$MethodInvocationAgent.invoke(TestInvoker.java:824)
at org.testng.internal.TestInvoker.invokeTestMethods(TestInvoker.java:146)
at org.testng.internal.TestMethodWorker.invokeTestMethods(TestMethodWorker.java:146)
at org.testng.internal.TestMethodWorker.run(TestMethodWorker.java:128)
at java.base/java.util.ArrayList.forEach(ArrayList.java:1511)
at org.testng.TestRunner.privateRun(TestRunner.java:794)
at org.testng.TestRunner.run(TestRunner.java:596)
at org.testng.SuiteRunner.runTest(SuiteRunner.java:377)
at org.testng.SuiteRunner.runSequentially(SuiteRunner.java:371)
at org.testng.SuiteRunner.privateRun(SuiteRunner.java:332)
at org.testng.SuiteRunner.run(SuiteRunner.java:276)
at org.testng.SuiteRunnerWorker.runSuite(SuiteRunnerWorker.java:53)
at org.testng.SuiteRunnerWorker.run(SuiteRunnerWorker.java:96)
at org.testng.TestNG.runSuitesSequentially(TestNG.java:1212)
at org.testng.TestNG.runSuitesLocally(TestNG.java:1134)
at org.testng.TestNG.runSuites(TestNG.java:1063)
at org.testng.TestNG.run(TestNG.java:1031)
at org.testng.remote.AbstractRemoteTestNG.run(AbstractRemoteTestNG.java:115)
at org.testng.remote.RemoteTestNG.initAndRun(RemoteTestNG.java:293)
at org.testng.remote.RemoteTestNG.main(RemoteTestNG.java:91)
]]>
            </full-stacktrace>
          </exception> <!-- java.lang.Error -->
          <reporter-output>
          </reporter-output>
        </test-method> <!-- submitOrderTest -->
        <test-method is-config="true" signature="launchApplication()[pri:0, instance:Amazon.AmazonFrameworkDesign.Tests.SubmitOrderTest@957e06]" started-at="2024-07-31T21:35:20 EEST" name="launchApplication" finished-at="2024-07-31T21:35:35 EEST" duration-ms="14748" status="PASS">
          <reporter-output>
          </reporter-output>
        </test-method> <!-- launchApplication -->
        <test-method signature="submitOrderTest(java.util.HashMap)[pri:0, instance:Amazon.AmazonFrameworkDesign.Tests.SubmitOrderTest@957e06]" started-at="2024-07-31T21:35:35 EEST" name="submitOrderTest" data-provider="getData" finished-at="2024-07-31T21:36:00 EEST" duration-ms="24925" status="FAIL">
          <params>
            <param index="0">
              <value>
                <![CDATA[{subProductName=Case, password=Berlin@1234567, ProductName=iphone 15, email=mahmoudeid1840@gmail.com}]]>
              </value>
            </param>
          </params>
          <exception class="java.lang.Error">
            <message>
              <![CDATA[Unresolved compilation problem: 
The method numberOfProducts() is undefined for the type ShoppingCart
]]>
            </message>
            <full-stacktrace>
              <![CDATA[java.lang.Error: Unresolved compilation problem: 
The method numberOfProducts() is undefined for the type ShoppingCart

at AmazonFrameWorkDesign.pageObjects.CheckOut.validateNumberOfProduct(CheckOut.java:92)
at Amazon.AmazonFrameworkDesign.Tests.SubmitOrderTest.submitOrderTest(SubmitOrderTest.java:39)
at java.base/jdk.internal.reflect.NativeMethodAccessorImpl.invoke0(Native Method)
at java.base/jdk.internal.reflect.NativeMethodAccessorImpl.invoke(NativeMethodAccessorImpl.java:77)
at java.base/jdk.internal.reflect.DelegatingMethodAccessorImpl.invoke(DelegatingMethodAccessorImpl.java:43)
at java.base/java.lang.reflect.Method.invoke(Method.java:568)
at org.testng.internal.MethodInvocationHelper.invokeMethod(MethodInvocationHelper.java:133)
at org.testng.internal.TestInvoker.invokeMethod(TestInvoker.java:598)
at org.testng.internal.TestInvoker.invokeTestMethod(TestInvoker.java:173)
at org.testng.internal.MethodRunner.runInSequence(MethodRunner.java:46)
at org.testng.internal.TestInvoker$MethodInvocationAgent.invoke(TestInvoker.java:824)
at org.testng.internal.TestInvoker.invokeTestMethods(TestInvoker.java:146)
at org.testng.internal.TestMethodWorker.invokeTestMethods(TestMethodWorker.java:146)
at org.testng.internal.TestMethodWorker.run(TestMethodWorker.java:128)
at java.base/java.util.ArrayList.forEach(ArrayList.java:1511)
at org.testng.TestRunner.privateRun(TestRunner.java:794)
at org.testng.TestRunner.run(TestRunner.java:596)
at org.testng.SuiteRunner.runTest(SuiteRunner.java:377)
at org.testng.SuiteRunner.runSequentially(SuiteRunner.java:371)
at org.testng.SuiteRunner.privateRun(SuiteRunner.java:332)
at org.testng.SuiteRunner.run(SuiteRunner.java:276)
at org.testng.SuiteRunnerWorker.runSuite(SuiteRunnerWorker.java:53)
at org.testng.SuiteRunnerWorker.run(SuiteRunnerWorker.java:96)
at org.testng.TestNG.runSuitesSequentially(TestNG.java:1212)
at org.testng.TestNG.runSuitesLocally(TestNG.java:1134)
at org.testng.TestNG.runSuites(TestNG.java:1063)
at org.testng.TestNG.run(TestNG.java:1031)
at org.testng.remote.AbstractRemoteTestNG.run(AbstractRemoteTestNG.java:115)
at org.testng.remote.RemoteTestNG.initAndRun(RemoteTestNG.java:293)
at org.testng.remote.RemoteTestNG.main(RemoteTestNG.java:91)
]]>
            </full-stacktrace>
          </exception> <!-- java.lang.Error -->
          <reporter-output>
          </reporter-output>
        </test-method> <!-- submitOrderTest -->
      </class> <!-- Amazon.AmazonFrameworkDesign.Tests.SubmitOrderTest -->
    </test> <!-- submit order Test -->
    <test started-at="2024-07-31T21:36:00 EEST" name="Error Validations Test" finished-at="2024-07-31T21:36:00 EEST" duration-ms="1">
    </test> <!-- Error Validations Test -->
  </suite> <!-- Suite -->
</testng-results>
